C51 COMPILER V9.60.0.0   DIANTONG                                                          04/25/2022 08:47:01 PAGE 1   


C51 COMPILER V9.60.0.0, COMPILATION OF MODULE DIANTONG
OBJECT MODULE PLACED IN .\Objects\diantong.obj
COMPILER INVOKED BY: D:\keil5\C51\BIN\C51.EXE diantong.c OPTIMIZE(8,SPEED) BROWSE DEBUG OBJECTEXTEND PRINT(.\Listings\di
                    -antong.lst) TABS(2) OBJECT(.\Objects\diantong.obj)

line level    source

   1          #include "stc15.h"
   2          #define uchar unsigned char
   3          #define uint unsigned int
   4          #define INT0 P32 //按键兼掉电唤醒
   5          #define PVOL P55 //电压显示
   6          #define SWITCH P54  //开关
   7          //#include "intrins.h"
   8          
   9          bit FLAG; 
  10          uchar num;
  11          /*
  12          void Delay1000ms()    //@12.000MHz
  13          {
  14            unsigned char i, j, k;
  15          
  16            _nop_();
  17            _nop_();
  18            i = 46;
  19            j = 153;
  20            k = 245;
  21            do
  22            {
  23              do
  24              {
  25                while (--k);
  26              } while (--j);
  27            } while (--i);
  28          }
  29          */
  30          void delay_ms(uint k)   //@12.000MHz
  31          {
  32   1        unsigned char i, j,l;
  33   1        l=255;
  34   1        i = 255;
  35   1        j = 255;
  36   1        do
  37   1        {{{
  38   4          while (--j);
  39   4        } while (--i);
  40   3      }while(--l);
  41   2        } while(--k);
  42   1      }
  43          /*
  44          void dianya(uint n)
  45          { 
  46            for(n;n>0;n--)
  47            {
  48              if
  49            }
  50          }
  51          */
  52          
  53          
  54          void main(void)
C51 COMPILER V9.60.0.0   DIANTONG                                                          04/25/2022 08:47:01 PAGE 2   

  55          {uint x;
  56   1        
  57   1                  //全局中断开
  58   1        EX0=1;         //外部中断0开
  59   1        IT0=1;         //电平触发
  60   1        while(1)
  61   1        {
  62   2          for(x=2000;x>0;x--)
  63   2          {
  64   3            delay_ms(100);
  65   3            if(INT0==0)
  66   3            {
  67   4            delay_ms(10);
  68   4            if(INT0==0)
  69   4            {
  70   5              while(INT0==0)
  71   5              {
  72   6              num++;
  73   6              delay_ms(100);
  74   6              if(num>35)
  75   6              {
  76   7              break;
  77   7              }
  78   6              
  79   6            }
  80   5              delay_ms(10);
  81   5            //  while(!key6);
  82   5            }
  83   4            
  84   4          }
  85   3            if(num<30 && num>0) 
  86   3                {
  87   4                  SWITCH=~SWITCH;
  88   4                  num=0;
  89   4                }
  90   3              if(num>=30) 
  91   3                  {
  92   4                    PVOL=~PVOL;
  93   4                    num=0;
  94   4                  }
  95   3            while(!INT0);     
  96   3          }
  97   2          PVOL=1;
  98   2          EA=1;
  99   2        //  _nop_();
 100   2          PCON=0x02;
 101   2        }
 102   1      }
 103          
 104          void Key_INT(void) interrupt 0
 105          { 
 106   1      //  _nop_();
 107   1         EA=0;
 108   1        FLAG = INT0; 
 109   1        
 110   1        //PCON=0x02;
 111   1      }


MODULE INFORMATION:   STATIC OVERLAYABLE
   CODE SIZE        =    154    ----
   CONSTANT SIZE    =   ----    ----
C51 COMPILER V9.60.0.0   DIANTONG                                                          04/25/2022 08:47:01 PAGE 3   

   XDATA SIZE       =   ----    ----
   PDATA SIZE       =   ----    ----
   DATA SIZE        =      1    ----
   IDATA SIZE       =   ----    ----
   BIT SIZE         =      1    ----
END OF MODULE INFORMATION.


C51 COMPILATION COMPLETE.  0 WARNING(S),  0 ERROR(S)
